<?xml version="1.0" encoding="UTF-8"?>
<!-- Generated by org.testng.reporters.JUnitReportReporter -->
<testsuite hostname="JKTNOLAP622" failures="0" tests="4" name="com.testNG.DependsOnMethods" time="0.033" errors="0" timestamp="2022-06-29T12:27:33 IST" skipped="0">
  <testcase classname="com.testNG.DependsOnMethods" name="b" time="0.002"/>
  <system-out/>
  <testcase classname="com.testNG.DependsOnMethods" name="d" time="0.003"/>
  <system-out/>
  <testcase classname="com.testNG.DependsOnMethods" name="C" time="0.025"/>
  <system-out/>
  <testcase classname="com.testNG.DependsOnMethods" name="A" time="0.003"/>
  <system-out/>
</testsuite> <!-- com.testNG.DependsOnMethods -->
