<?xml version="1.0" encoding="UTF-8"?>
<!-- Generated by org.testng.reporters.JUnitReportReporter -->
<testsuite hostname="JKTNOLAP622" failures="0" tests="3" name="groups" time="0.026" errors="0" timestamp="2022-06-29T11:32:29 IST" skipped="0">
  <testcase classname="groups" name="C" time="0.002"/>
  <system-out/>
  <testcase classname="groups" name="B" time="0.002"/>
  <system-out/>
  <testcase classname="groups" name="A" time="0.022"/>
  <system-out/>
</testsuite> <!-- groups -->
