<?xml version="1.0" encoding="UTF-8"?>
<!-- Generated by org.testng.reporters.JUnitReportReporter -->
<testsuite hostname="JKTNOLAP622" failures="0" tests="2" name="com.testNG.parallelExecution" time="30.772" errors="0" timestamp="2022-06-30T11:41:22 IST" skipped="0">
  <testcase classname="com.testNG.parallelExecution" name="parametersExample1" time="20.334"/>
  <system-out/>
  <testcase classname="com.testNG.parallelExecution" name="parametersExample" time="10.438"/>
  <system-out/>
</testsuite> <!-- com.testNG.parallelExecution -->
