<?xml version="1.0" encoding="UTF-8"?>
<!-- Generated by org.testng.reporters.JUnitReportReporter -->
<testsuite hostname="JKTNOLAP622" failures="0" tests="1" name="com.jktech.Utility.ReadFromPropertyFile" time="9.150" errors="0" timestamp="2022-07-04T10:27:12 IST" skipped="0">
  <testcase classname="com.jktech.Utility.ReadFromPropertyFile" name="propertyfile" time="9.150"/>
  <system-out/>
</testsuite> <!-- com.jktech.Utility.ReadFromPropertyFile -->
