<?xml version="1.0" encoding="UTF-8"?>
<!-- Generated by org.testng.reporters.JUnitReportReporter -->
<testsuite hostname="JKTNOLAP622" failures="0" tests="1" name="com.testNG.ParallelExecution1" time="22.685" errors="0" timestamp="2022-06-30T11:41:22 IST" skipped="0">
  <testcase classname="com.testNG.ParallelExecution1" name="parametersExample1" time="22.685"/>
  <system-out/>
</testsuite> <!-- com.testNG.ParallelExecution1 -->
