<?xml version="1.0" encoding="UTF-8"?>
<!-- Generated by org.testng.reporters.JUnitReportReporter -->
<testsuite hostname="JKTNOLAP622" failures="0" tests="1" name="Annotation" time="0.012" errors="0" timestamp="2022-06-29T11:17:23 IST" skipped="0">
  <testcase classname="Annotation" name="method4" time="0.012"/>
  <system-out/>
</testsuite> <!-- Annotation -->
