<?xml version="1.0" encoding="UTF-8"?>
<!-- Generated by org.testng.reporters.JUnitReportReporter -->
<testsuite hostname="JKTNOLAP622" failures="0" tests="2" name="AnnotationwithDiffTags" time="0.012" errors="0" timestamp="2022-06-29T11:23:55 IST" skipped="0">
  <testcase classname="AnnotationwithDiffTags" name="Test" time="0.009"/>
  <system-out/>
  <testcase classname="AnnotationwithDiffTags" name="Test1" time="0.003"/>
  <system-out/>
</testsuite> <!-- AnnotationwithDiffTags -->
