<?xml version="1.0" encoding="UTF-8"?>
<!-- Generated by org.testng.reporters.JUnitReportReporter -->
<testsuite hostname="JKTNOLAP622" failures="0" tests="3" name="com.testNG.Parameters" time="18.635" errors="0" timestamp="2022-06-30T11:17:49 IST" skipped="0">
  <testcase classname="com.testNG.Parameters" name="parametersExample" time="5.398"/>
  <system-out/>
  <testcase classname="com.testNG.Parameters" name="parametersExample" time="7.269"/>
  <system-out/>
  <testcase classname="com.testNG.Parameters" name="parametersExample" time="5.968"/>
  <system-out/>
</testsuite> <!-- com.testNG.Parameters -->
