<?xml version="1.0" encoding="UTF-8"?>
<!-- Generated by org.testng.reporters.JUnitReportReporter -->
<testsuite hostname="JKTNOLAP622" failures="0" tests="2" name="com.testNG.groups" time="0.025" errors="0" timestamp="2022-06-29T11:35:41 IST" skipped="0">
  <testcase classname="com.testNG.groups" name="A" time="0.024"/>
  <system-out/>
  <testcase classname="com.testNG.groups" name="C" time="0.001"/>
  <system-out/>
</testsuite> <!-- com.testNG.groups -->
